
AZH	Tue Mar 21 00:46:48 2017
	ib_util init failed, UDFs can't be used - looks like firebird misconfigured
	
	F:\_programming\tiles_dry_monitoring\_out\database\bin/ib_util.dll library has not been found
	F:\_programming\tiles_dry_monitoring\_out\database\ib_util.dll library has not been found
	ib_util.dll library has not been found


AZH	Tue Mar 21 00:47:45 2017
	ib_util init failed, UDFs can't be used - looks like firebird misconfigured
	
	F:\_programming\tiles_dry_monitoring\_out\database\bin/ib_util.dll library has not been found
	F:\_programming\tiles_dry_monitoring\_out\database\ib_util.dll library has not been found
	ib_util.dll library has not been found


AZH	Tue Mar 21 00:48:39 2017
	ib_util init failed, UDFs can't be used - looks like firebird misconfigured
	
	F:\_programming\tiles_dry_monitoring\_out\database\bin/ib_util.dll library has not been found
	F:\_programming\tiles_dry_monitoring\_out\database\ib_util.dll library has not been found
	ib_util.dll library has not been found


AZH	Tue Mar 21 01:05:15 2017
	ib_util init failed, UDFs can't be used - looks like firebird misconfigured
	
	F:\_programming\tiles_dry_monitoring\buid\Tiles dry monitoring\database\bin/ib_util.dll library has not been found
	F:\_programming\tiles_dry_monitoring\buid\Tiles dry monitoring\database\ib_util.dll library has not been found
	ib_util.dll library has not been found

